mode: set
github.com/AKMALKULIEV/wallet/pkg/wallet/service.go:24.78,25.37 1 1
github.com/AKMALKULIEV/wallet/pkg/wallet/service.go:30.2,38.21 4 1
github.com/AKMALKULIEV/wallet/pkg/wallet/service.go:25.37,26.29 1 0
github.com/AKMALKULIEV/wallet/pkg/wallet/service.go:26.29,28.4 1 0
github.com/AKMALKULIEV/wallet/pkg/wallet/service.go:41.70,42.17 1 1
github.com/AKMALKULIEV/wallet/pkg/wallet/service.go:46.2,47.33 2 1
github.com/AKMALKULIEV/wallet/pkg/wallet/service.go:53.2,53.20 1 1
github.com/AKMALKULIEV/wallet/pkg/wallet/service.go:57.2,58.12 2 1
github.com/AKMALKULIEV/wallet/pkg/wallet/service.go:42.17,44.3 1 0
github.com/AKMALKULIEV/wallet/pkg/wallet/service.go:47.33,48.26 1 1
github.com/AKMALKULIEV/wallet/pkg/wallet/service.go:48.26,50.9 2 1
github.com/AKMALKULIEV/wallet/pkg/wallet/service.go:53.20,55.3 1 0
github.com/AKMALKULIEV/wallet/pkg/wallet/service.go:61.76,63.37 1 1
github.com/AKMALKULIEV/wallet/pkg/wallet/service.go:68.2,68.32 1 1
github.com/AKMALKULIEV/wallet/pkg/wallet/service.go:63.37,64.30 1 1
github.com/AKMALKULIEV/wallet/pkg/wallet/service.go:64.30,66.4 1 0
github.com/AKMALKULIEV/wallet/pkg/wallet/service.go:70.50,72.37 2 1
github.com/AKMALKULIEV/wallet/pkg/wallet/service.go:78.2,78.26 1 1
github.com/AKMALKULIEV/wallet/pkg/wallet/service.go:81.2,83.33 2 1
github.com/AKMALKULIEV/wallet/pkg/wallet/service.go:89.2,89.26 1 1
github.com/AKMALKULIEV/wallet/pkg/wallet/service.go:92.2,94.12 3 1
github.com/AKMALKULIEV/wallet/pkg/wallet/service.go:72.37,73.30 1 1
github.com/AKMALKULIEV/wallet/pkg/wallet/service.go:73.30,75.9 2 1
github.com/AKMALKULIEV/wallet/pkg/wallet/service.go:78.26,80.3 1 0
github.com/AKMALKULIEV/wallet/pkg/wallet/service.go:83.33,84.40 1 1
github.com/AKMALKULIEV/wallet/pkg/wallet/service.go:84.40,86.9 2 1
github.com/AKMALKULIEV/wallet/pkg/wallet/service.go:89.26,91.3 1 0
github.com/AKMALKULIEV/wallet/pkg/wallet/service.go:96.116,97.17 1 1
github.com/AKMALKULIEV/wallet/pkg/wallet/service.go:101.2,102.33 2 1
github.com/AKMALKULIEV/wallet/pkg/wallet/service.go:108.2,108.20 1 1
github.com/AKMALKULIEV/wallet/pkg/wallet/service.go:112.2,112.30 1 1
github.com/AKMALKULIEV/wallet/pkg/wallet/service.go:116.2,126.21 5 1
github.com/AKMALKULIEV/wallet/pkg/wallet/service.go:97.17,99.3 1 0
github.com/AKMALKULIEV/wallet/pkg/wallet/service.go:102.33,103.26 1 1
github.com/AKMALKULIEV/wallet/pkg/wallet/service.go:103.26,105.9 2 1
github.com/AKMALKULIEV/wallet/pkg/wallet/service.go:108.20,110.3 1 0
github.com/AKMALKULIEV/wallet/pkg/wallet/service.go:112.30,114.3 1 0
github.com/AKMALKULIEV/wallet/pkg/wallet/service.go:128.77,129.37 1 0
github.com/AKMALKULIEV/wallet/pkg/wallet/service.go:134.2,134.32 1 0
github.com/AKMALKULIEV/wallet/pkg/wallet/service.go:129.37,130.30 1 0
github.com/AKMALKULIEV/wallet/pkg/wallet/service.go:130.30,132.4 1 0
